<?xml version="1.0" encoding="UTF-8"?>
<testng-results ignored="0" total="2" passed="2" failed="0" skipped="0">
  <reporter-output>
  </reporter-output>
  <suite started-at="2022-08-13T15:40:23 IST" name="Surefire suite" finished-at="2022-08-13T15:40:23 IST" duration-ms="45">
    <groups>
    </groups>
    <test started-at="2022-08-13T15:40:23 IST" name="Surefire test" finished-at="2022-08-13T15:40:23 IST" duration-ms="45">
      <class name="satr.SatClassTest">
        <test-method signature="getData()[pri:0, instance:satr.SatClassTest@29176cc1]" started-at="2022-08-13T15:40:23 IST" name="getData" finished-at="2022-08-13T15:40:23 IST" duration-ms="0" status="PASS">
          <reporter-output>
          </reporter-output>
        </test-method> <!-- getData -->
      </class> <!-- satr.SatClassTest -->
      <class name="MavenProject.SubMavenProject.NewClassTest">
        <test-method signature="method1()[pri:0, instance:MavenProject.SubMavenProject.NewClassTest@12d4bf7e]" started-at="2022-08-13T15:40:23 IST" name="method1" finished-at="2022-08-13T15:40:23 IST" duration-ms="7" status="PASS">
          <reporter-output>
          </reporter-output>
        </test-method> <!-- method1 -->
      </class> <!-- MavenProject.SubMavenProject.NewClassTest -->
    </test> <!-- Surefire test -->
  </suite> <!-- Surefire suite -->
</testng-results>
